<?xml version="1.0" encoding="UTF-8"?>
<testng-results skipped="0" failed="0" ignored="0" total="1" passed="1">
  <reporter-output>
  </reporter-output>
  <suite name="Default suite" duration-ms="4041" started-at="2021-10-22T12:09:51 CDT" finished-at="2021-10-22T12:09:55 CDT">
    <groups>
    </groups>
    <test name="Default test" duration-ms="4041" started-at="2021-10-22T12:09:51 CDT" finished-at="2021-10-22T12:09:55 CDT">
      <class name="Oauth2.Oauth2GitHub">
        <test-method status="PASS" signature="oAuthGit()[pri:0, instance:Oauth2.Oauth2GitHub@34c4973]" name="oAuthGit" duration-ms="3960" started-at="2021-10-22T12:09:51 CDT" finished-at="2021-10-22T12:09:55 CDT">
          <reporter-output>
          </reporter-output>
        </test-method> <!-- oAuthGit -->
      </class> <!-- Oauth2.Oauth2GitHub -->
    </test> <!-- Default test -->
  </suite> <!-- Default suite -->
</testng-results>
